<?xml version="1.0" encoding="UTF-8"?>
<testng-results ignored="0" total="8" passed="7" failed="1" skipped="0">
  <reporter-output>
  </reporter-output>
  <suite started-at="2022-08-07T23:40:25 IST" name="hrm" finished-at="2022-08-07T23:40:58 IST" duration-ms="32429">
    <groups>
    </groups>
    <test started-at="2022-08-07T23:40:25 IST" name="datadriven" finished-at="2022-08-07T23:40:40 IST" duration-ms="14810">
      <class name="datadriven.Datadriven_test">
        <test-method signature="f(java.lang.String,java.lang.String)[pri:0, instance:datadriven.Datadriven_test@750e2b97]" started-at="2022-08-07T23:40:26 IST" name="f" data-provider="dp" finished-at="2022-08-07T23:40:28 IST" duration-ms="1847" status="PASS">
          <params>
            <param index="0">
              <value>
                <![CDATA[98748.0]]>
              </value>
            </param>
            <param index="1">
              <value>
                <![CDATA[admin123]]>
              </value>
            </param>
          </params>
          <reporter-output>
          </reporter-output>
        </test-method> <!-- f -->
        <test-method signature="f(java.lang.String,java.lang.String)[pri:0, instance:datadriven.Datadriven_test@750e2b97]" started-at="2022-08-07T23:40:28 IST" name="f" data-provider="dp" finished-at="2022-08-07T23:40:29 IST" duration-ms="1692" status="PASS">
          <params>
            <param index="0">
              <value>
                <![CDATA[dmi]]>
              </value>
            </param>
            <param index="1">
              <value>
                <![CDATA[7894.0]]>
              </value>
            </param>
          </params>
          <reporter-output>
          </reporter-output>
        </test-method> <!-- f -->
        <test-method signature="f(java.lang.String,java.lang.String)[pri:0, instance:datadriven.Datadriven_test@750e2b97]" started-at="2022-08-07T23:40:29 IST" name="f" data-provider="dp" finished-at="2022-08-07T23:40:31 IST" duration-ms="1362" status="PASS">
          <params>
            <param index="0">
              <value>
                <![CDATA[104-04-1999]]>
              </value>
            </param>
            <param index="1">
              <value>
                <![CDATA[pnnspnns]]>
              </value>
            </param>
          </params>
          <reporter-output>
          </reporter-output>
        </test-method> <!-- f -->
        <test-method signature="f(java.lang.String,java.lang.String)[pri:0, instance:datadriven.Datadriven_test@750e2b97]" started-at="2022-08-07T23:40:31 IST" name="f" data-provider="dp" finished-at="2022-08-07T23:40:32 IST" duration-ms="1304" status="PASS">
          <params>
            <param index="0">
              <value>
                <![CDATA[naveen]]>
              </value>
            </param>
            <param index="1">
              <value>
                <![CDATA[9874561.0]]>
              </value>
            </param>
          </params>
          <reporter-output>
          </reporter-output>
        </test-method> <!-- f -->
        <test-method signature="f(java.lang.String,java.lang.String)[pri:0, instance:datadriven.Datadriven_test@750e2b97]" started-at="2022-08-07T23:40:32 IST" name="f" data-provider="dp" finished-at="2022-08-07T23:40:40 IST" duration-ms="8067" status="PASS">
          <params>
            <param index="0">
              <value>
                <![CDATA[Admin]]>
              </value>
            </param>
            <param index="1">
              <value>
                <![CDATA[admin123]]>
              </value>
            </param>
          </params>
          <reporter-output>
          </reporter-output>
        </test-method> <!-- f -->
      </class> <!-- datadriven.Datadriven_test -->
    </test> <!-- datadriven -->
    <test started-at="2022-08-07T23:40:40 IST" name="dashboard" finished-at="2022-08-07T23:40:41 IST" duration-ms="560">
      <class name="test_case.Dashboard_test">
        <test-method signature="dash()[pri:0, instance:test_case.Dashboard_test@7c137fd5]" started-at="2022-08-07T23:40:40 IST" name="dash" finished-at="2022-08-07T23:40:41 IST" duration-ms="387" status="FAIL">
          <exception class="java.lang.AssertionError">
            <message>
              <![CDATA[null]]>
            </message>
            <full-stacktrace>
              <![CDATA[java.lang.AssertionError: null
at org.testng.Assert.fail(Assert.java:99)
at org.testng.Assert.fail(Assert.java:106)
at test_case.Dashboard_test.dash(Dashboard_test.java:29)
at java.base/jdk.internal.reflect.NativeMethodAccessorImpl.invoke0(Native Method)
at java.base/jdk.internal.reflect.NativeMethodAccessorImpl.invoke(NativeMethodAccessorImpl.java:77)
at java.base/jdk.internal.reflect.DelegatingMethodAccessorImpl.invoke(DelegatingMethodAccessorImpl.java:43)
at java.base/java.lang.reflect.Method.invoke(Method.java:568)
at org.testng.internal.MethodInvocationHelper.invokeMethod(MethodInvocationHelper.java:133)
at org.testng.internal.TestInvoker.invokeMethod(TestInvoker.java:598)
at org.testng.internal.TestInvoker.invokeTestMethod(TestInvoker.java:173)
at org.testng.internal.MethodRunner.runInSequence(MethodRunner.java:46)
at org.testng.internal.TestInvoker$MethodInvocationAgent.invoke(TestInvoker.java:824)
at org.testng.internal.TestInvoker.invokeTestMethods(TestInvoker.java:146)
at org.testng.internal.TestMethodWorker.invokeTestMethods(TestMethodWorker.java:146)
at org.testng.internal.TestMethodWorker.run(TestMethodWorker.java:128)
at java.base/java.util.ArrayList.forEach(ArrayList.java:1511)
at org.testng.TestRunner.privateRun(TestRunner.java:794)
at org.testng.TestRunner.run(TestRunner.java:596)
at org.testng.SuiteRunner.runTest(SuiteRunner.java:377)
at org.testng.SuiteRunner.runSequentially(SuiteRunner.java:371)
at org.testng.SuiteRunner.privateRun(SuiteRunner.java:332)
at org.testng.SuiteRunner.run(SuiteRunner.java:276)
at org.testng.SuiteRunnerWorker.runSuite(SuiteRunnerWorker.java:53)
at org.testng.SuiteRunnerWorker.run(SuiteRunnerWorker.java:96)
at org.testng.TestNG.runSuitesSequentially(TestNG.java:1212)
at org.testng.TestNG.runSuitesLocally(TestNG.java:1134)
at org.testng.TestNG.runSuites(TestNG.java:1063)
at org.testng.TestNG.run(TestNG.java:1031)
at org.testng.remote.AbstractRemoteTestNG.run(AbstractRemoteTestNG.java:115)
at org.testng.remote.RemoteTestNG.initAndRun(RemoteTestNG.java:251)
at org.testng.remote.RemoteTestNG.main(RemoteTestNG.java:77)
]]>
            </full-stacktrace>
          </exception> <!-- java.lang.AssertionError -->
          <reporter-output>
          </reporter-output>
        </test-method> <!-- dash -->
      </class> <!-- test_case.Dashboard_test -->
    </test> <!-- dashboard -->
    <test started-at="2022-08-07T23:40:41 IST" name="admin_page" finished-at="2022-08-07T23:40:45 IST" duration-ms="3961">
      <class name="test_case.Admin_test">
        <test-method signature="to_write_user_role()[pri:0, instance:test_case.Admin_test@496bc455]" started-at="2022-08-07T23:40:41 IST" name="to_write_user_role" finished-at="2022-08-07T23:40:45 IST" duration-ms="3958" status="PASS">
          <reporter-output>
          </reporter-output>
        </test-method> <!-- to_write_user_role -->
      </class> <!-- test_case.Admin_test -->
    </test> <!-- admin_page -->
    <test started-at="2022-08-07T23:40:45 IST" name="myinfo_page" finished-at="2022-08-07T23:40:58 IST" duration-ms="13063">
      <class name="datadriven.Datadriven_test">
        <test-method is-config="true" signature="browser_launch()[pri:0, instance:datadriven.Datadriven_test@750e2b97]" started-at="2022-08-07T23:40:13 IST" name="browser_launch" finished-at="2022-08-07T23:40:25 IST" duration-ms="11865" status="PASS">
          <reporter-output>
          </reporter-output>
        </test-method> <!-- browser_launch -->
        <test-method is-config="true" signature="close_browser()[pri:0, instance:datadriven.Datadriven_test@750e2b97]" started-at="2022-08-07T23:40:58 IST" name="close_browser" finished-at="2022-08-07T23:40:58 IST" duration-ms="307" status="PASS">
          <reporter-output>
          </reporter-output>
        </test-method> <!-- close_browser -->
      </class> <!-- datadriven.Datadriven_test -->
      <class name="test_case.Myinfo_test">
        <test-method signature="screen()[pri:0, instance:test_case.Myinfo_test@76494737]" started-at="2022-08-07T23:40:45 IST" name="screen" finished-at="2022-08-07T23:40:58 IST" duration-ms="13062" status="PASS">
          <reporter-output>
          </reporter-output>
        </test-method> <!-- screen -->
      </class> <!-- test_case.Myinfo_test -->
    </test> <!-- myinfo_page -->
  </suite> <!-- hrm -->
</testng-results>
